

Microchip MPLAB XC8 Assembler V2.41 build 20230208172133 
                                                                                               Sun Aug 27 02:37:06 2023

Microchip MPLAB XC8 C Compiler v2.41 (Free license) build 20230208172133 Og1 
     1                           	processor	18F46K20
     2                           	fnconf	rparam,??,?,0
     3                           	pagewidth 120
     4                           	opt	flic
     5                           	psect	nvCOMRAM,global,class=COMRAM,space=1,delta=1,lowdata,noexec
     6                           	psect	cinit,global,reloc=2,class=CODE,delta=1
     7                           	psect	bssCOMRAM,global,class=COMRAM,space=1,delta=1,lowdata,noexec
     8                           	psect	cstackCOMRAM,global,class=COMRAM,space=1,delta=1,lowdata,noexec
     9                           	psect	text0,global,reloc=2,class=CODE,delta=1
    10                           	psect	text1,global,reloc=2,class=CODE,delta=1
    11                           	psect	text2,global,reloc=2,class=CODE,delta=1
    12                           	psect	text3,global,reloc=2,class=CODE,delta=1
    13                           	psect	text4,global,reloc=2,class=CODE,delta=1
    14                           	psect	text5,global,reloc=2,class=CODE,delta=1
    15                           	psect	text6,global,reloc=2,class=CODE,delta=1
    16                           	psect	text7,global,reloc=2,class=CODE,delta=1
    17                           	psect	intcode,global,reloc=2,class=CODE,delta=1
    18                           	psect	text9,global,reloc=2,class=CODE,delta=1
    19                           	psect	text10,global,reloc=2,class=CODE,delta=1
    20                           	psect	text11,global,reloc=2,class=CODE,delta=1
    21                           	psect	text12,global,reloc=2,class=CODE,delta=1
    22                           	psect	intsave_regs,global,class=BIGRAM,space=1,delta=1,noexec
    23                           	psect	text13,global,reloc=2,class=CODE,delta=1
    24                           	psect	rparam,global,class=COMRAM,space=1,delta=1,noexec
    25                           	psect	temp,global,ovrld,common,class=COMRAM,space=1,delta=1
    26                           	psect	idloc,global,abs,ovrld,class=IDLOC,space=5,delta=1,noexec
    27                           	psect	config,global,abs,ovrld,class=CONFIG,space=4,delta=1,noexec
    28   000000                     
    29                           ; Generated 21/07/2023 GMT
    30                           ; 
    31                           ; Copyright © 2023, Microchip Technology Inc. and its subsidiaries ("Microchip")
    32                           ; All rights reserved.
    33                           ; 
    34                           ; This software is developed by Microchip Technology Inc. and its subsidiaries ("Microch
      +                          ip").
    35                           ; 
    36                           ; Redistribution and use in source and binary forms, with or without modification, are
    37                           ; permitted provided that the following conditions are met:
    38                           ; 
    39                           ;     1. Redistributions of source code must retain the above copyright notice, this lis
      +                          t of
    40                           ;        conditions and the following disclaimer.
    41                           ; 
    42                           ;     2. Redistributions in binary form must reproduce the above copyright notice, this 
      +                          list
    43                           ;        of conditions and the following disclaimer in the documentation and/or other
    44                           ;        materials provided with the distribution. Publication is not required when
    45                           ;        this file is used in an embedded application.
    46                           ; 
    47                           ;     3. Microchip's name may not be used to endorse or promote products derived from th
      +                          is
    48                           ;        software without specific prior written permission.
    49                           ; 
    50                           ; THIS SOFTWARE IS PROVIDED BY MICROCHIP "AS IS" AND ANY EXPRESS OR IMPLIED WARRANTIES,
    51                           ; INCLUDING, BUT NOT LIMITED TO, THE IMPLIED WARRANTIES OF MERCHANTABILITY AND FITNESS F
      +                          OR
    52                           ; PURPOSE ARE DISCLAIMED.  IN NO EVENT SHALL MICROCHIP BE LIABLE FOR ANY DIRECT, INDIREC
      +                          T,
    53                           ; INCIDENTAL, SPECIAL, EXEMPLARY, OR CONSEQUENTIAL DAMAGES (INCLUDING BUT NOT LIMITED TO
    54                           ; PROCUREMENT OF SUBSTITUTE GOODS OR SERVICES; LOSS OF USE, DATA OR PROFITS; OR BUSINESS
    55                           ; INTERRUPTION) HOWSOEVER CAUSED AND ON ANY THEORY OF LIABILITY, WHETHER IN CONTRACT, ST
      +                          RICT
    56                           ; LIABILITY, OR TORT (INCLUDING NEGLIGENCE OR OTHERWISE) ARISING IN ANY WAY OUT OF THE U
      +                          SE OF
    57                           ; THIS SOFTWARE, EVEN IF ADVISED OF THE POSSIBILITY OF SUCH DAMAGE.
    58                           ; 
    59                           ; 
    60                           ; Code-generator required, PIC18F46K20 Definitions
    61                           ; 
    62                           ; SFR Addresses
    63   000000                     _TRISD	set	3989
    64   000000                     _TRISC	set	3988
    65   000000                     _TRISB	set	3987
    66   000000                     _LATB	set	3978
    67   000000                     _LATD	set	3980
    68   000000                     _LATE	set	3981
    69   000000                     _TMR0L	set	4054
    70   000000                     _TMR0H	set	4055
    71                           
    72                           	psect	nvCOMRAM
    73   000008                     __pnvCOMRAM:
    74                           	callstack 0
    75   000008                     _TMR0_InterruptHandler:
    76                           	callstack 0
    77   000008                     	ds	2
    78   000000                     _LATC	set	3979
    79   000000                     _T0CON	set	4053
    80   000000                     _WPUB	set	3964
    81   000000                     _ANSEL	set	3966
    82   000000                     _LATA	set	3977
    83   000000                     _LATCbits	set	3979
    84   000000                     _OSCTUNE	set	3995
    85   000000                     _RCONbits	set	4048
    86   000000                     _T0CONbits	set	4053
    87   000000                     _INTCON2bits	set	4081
    88   000000                     _INTCONbits	set	4082
    89   000000                     _OSCCON	set	4051
    90   000000                     _TRISA	set	3986
    91   000000                     _TRISE	set	3990
    92   000000                     _ANSELH	set	3967
    93                           
    94                           ; #config settings
    95                           
    96                           	psect	cinit
    97   00011E                     __pcinit:
    98                           	callstack 0
    99   00011E                     start_initialization:
   100                           	callstack 0
   101   00011E                     __initialization:
   102                           	callstack 0
   103                           
   104                           ; Clear objects allocated to COMRAM (2 bytes)
   105   00011E  6A0B               	clrf	(__pbssCOMRAM+1)& (0+255),c
   106   000120  6A0A               	clrf	__pbssCOMRAM& (0+255),c
   107   000122                     end_of_initialization:
   108                           	callstack 0
   109   000122                     __end_of__initialization:
   110                           	callstack 0
   111   000122  900C               	bcf	int$flags,0,c	;clear compiler interrupt flag (level 1)
   112   000124  920C               	bcf	int$flags,1,c	;clear compiler interrupt flag (level 2)
   113   000126  0E00               	movlw	low (__Lmediumconst shr (0+16))
   114   000128  6EF8               	movwf	tblptru,c
   115   00012A  0100               	movlb	0
   116   00012C  EF7F  F000         	goto	_main	;jump to C main() function
   117                           
   118                           	psect	bssCOMRAM
   119   00000A                     __pbssCOMRAM:
   120                           	callstack 0
   121   00000A                     _timer0ReloadVal:
   122                           	callstack 0
   123   00000A                     	ds	2
   124                           
   125                           	psect	cstackCOMRAM
   126   000001                     __pcstackCOMRAM:
   127                           	callstack 0
   128   000001                     ??_Led_toggile:
   129   000001                     
   130                           ; 1 bytes @ 0x0
   131   000001                     	ds	1
   132   000002                     ??_INTERRUPT_InterruptManager:
   133                           
   134                           ; 1 bytes @ 0x1
   135   000002                     	ds	2
   136   000004                     TMR0_SetInterruptHandler@InterruptHandler:
   137                           	callstack 0
   138                           
   139                           ; 2 bytes @ 0x3
   140   000004                     	ds	2
   141   000006                     ??_TMR0_Initialize:
   142                           
   143                           ; 1 bytes @ 0x5
   144   000006                     	ds	2
   145   000008                     
   146                           ; 1 bytes @ 0x7
   147 ;;
   148 ;;Main: autosize = 0, tempsize = 0, incstack = 0, save=0
   149 ;;
   150 ;; *************** function _main *****************
   151 ;; Defined at:
   152 ;;		line 56 in file "main.c"
   153 ;; Parameters:    Size  Location     Type
   154 ;;		None
   155 ;; Auto vars:     Size  Location     Type
   156 ;;		None
   157 ;; Return value:  Size  Location     Type
   158 ;;                  1    wreg      void 
   159 ;; Registers used:
   160 ;;		wreg, status,2, status,0, cstack
   161 ;; Tracked objects:
   162 ;;		On entry : 0/0
   163 ;;		On exit  : 0/0
   164 ;;		Unchanged: 0/0
   165 ;; Data sizes:     COMRAM   BANK0   BANK1   BANK2   BANK3   BANK4   BANK5   BANK6   BANK7   BANK8   BANK9  BANK10  BANK1
      +1  BANK12  BANK13  BANK14  BANK15
   166 ;;      Params:         0       0       0       0       0       0       0       0       0       0       0       0       
      +0       0       0       0       0
   167 ;;      Locals:         0       0       0       0       0       0       0       0       0       0       0       0       
      +0       0       0       0       0
   168 ;;      Temps:          0       0       0       0       0       0       0       0       0       0       0       0       
      +0       0       0       0       0
   169 ;;      Totals:         0       0       0       0       0       0       0       0       0       0       0       0       
      +0       0       0       0       0
   170 ;;Total ram usage:        0 bytes
   171 ;; Hardware stack levels required when called: 7
   172 ;; This function calls:
   173 ;;		_SYSTEM_Initialize
   174 ;;		_TMR0_SetInterruptHandler
   175 ;;		_TMR0_StartTimer
   176 ;; This function is called by:
   177 ;;		Startup code after reset
   178 ;; This function uses a non-reentrant model
   179 ;;
   180                           
   181                           	psect	text0
   182   0000FE                     __ptext0:
   183                           	callstack 0
   184   0000FE                     _main:
   185                           	callstack 24
   186   0000FE                     
   187                           ;main.c: 59:     SYSTEM_Initialize();
   188   0000FE  EC98  F000         	call	_SYSTEM_Initialize	;wreg free
   189                           
   190                           ;main.c: 62:     TMR0_SetInterruptHandler(Led_toggile);
   191   000102  0ED6               	movlw	low _Led_toggile
   192   000104  6E04               	movwf	TMR0_SetInterruptHandler@InterruptHandler^0,c
   193   000106  0E00               	movlw	high _Led_toggile
   194   000108  6E05               	movwf	(TMR0_SetInterruptHandler@InterruptHandler+1)^0,c
   195   00010A  ECA9  F000         	call	_TMR0_SetInterruptHandler	;wreg free
   196   00010E                     
   197                           ;main.c: 63:     TMR0_StartTimer();
   198   00010E  ECB3  F000         	call	_TMR0_StartTimer	;wreg free
   199   000112                     
   200                           ;main.c: 69:     (INTCONbits.GIE = 1);
   201   000112  8EF2               	bsf	242,7,c	;volatile
   202   000114                     
   203                           ;main.c: 75:     (INTCONbits.PEIE = 1);
   204   000114  8CF2               	bsf	242,6,c	;volatile
   205   000116                     l105:
   206   000116  EF8B  F000         	goto	l105
   207   00011A  EF1F  F000         	goto	start
   208   00011E                     __end_of_main:
   209                           	callstack 0
   210                           
   211 ;; *************** function _TMR0_StartTimer *****************
   212 ;; Defined at:
   213 ;;		line 97 in file "mcc_generated_files/tmr0.c"
   214 ;; Parameters:    Size  Location     Type
   215 ;;		None
   216 ;; Auto vars:     Size  Location     Type
   217 ;;		None
   218 ;; Return value:  Size  Location     Type
   219 ;;                  1    wreg      void 
   220 ;; Registers used:
   221 ;;		None
   222 ;; Tracked objects:
   223 ;;		On entry : 0/0
   224 ;;		On exit  : 0/0
   225 ;;		Unchanged: 0/0
   226 ;; Data sizes:     COMRAM   BANK0   BANK1   BANK2   BANK3   BANK4   BANK5   BANK6   BANK7   BANK8   BANK9  BANK10  BANK1
      +1  BANK12  BANK13  BANK14  BANK15
   227 ;;      Params:         0       0       0       0       0       0       0       0       0       0       0       0       
      +0       0       0       0       0
   228 ;;      Locals:         0       0       0       0       0       0       0       0       0       0       0       0       
      +0       0       0       0       0
   229 ;;      Temps:          0       0       0       0       0       0       0       0       0       0       0       0       
      +0       0       0       0       0
   230 ;;      Totals:         0       0       0       0       0       0       0       0       0       0       0       0       
      +0       0       0       0       0
   231 ;;Total ram usage:        0 bytes
   232 ;; Hardware stack levels used: 1
   233 ;; Hardware stack levels required when called: 4
   234 ;; This function calls:
   235 ;;		Nothing
   236 ;; This function is called by:
   237 ;;		_main
   238 ;; This function uses a non-reentrant model
   239 ;;
   240                           
   241                           	psect	text1
   242   000166                     __ptext1:
   243                           	callstack 0
   244   000166                     _TMR0_StartTimer:
   245                           	callstack 26
   246   000166                     
   247                           ;mcc_generated_files/tmr0.c: 100:     T0CONbits.TMR0ON = 1;
   248   000166  8ED5               	bsf	213,7,c	;volatile
   249   000168  0012               	return		;funcret
   250   00016A                     __end_of_TMR0_StartTimer:
   251                           	callstack 0
   252                           
   253 ;; *************** function _SYSTEM_Initialize *****************
   254 ;; Defined at:
   255 ;;		line 50 in file "mcc_generated_files/mcc.c"
   256 ;; Parameters:    Size  Location     Type
   257 ;;		None
   258 ;; Auto vars:     Size  Location     Type
   259 ;;		None
   260 ;; Return value:  Size  Location     Type
   261 ;;                  1    wreg      void 
   262 ;; Registers used:
   263 ;;		wreg, status,2, status,0, cstack
   264 ;; Tracked objects:
   265 ;;		On entry : 0/0
   266 ;;		On exit  : 0/0
   267 ;;		Unchanged: 0/0
   268 ;; Data sizes:     COMRAM   BANK0   BANK1   BANK2   BANK3   BANK4   BANK5   BANK6   BANK7   BANK8   BANK9  BANK10  BANK1
      +1  BANK12  BANK13  BANK14  BANK15
   269 ;;      Params:         0       0       0       0       0       0       0       0       0       0       0       0       
      +0       0       0       0       0
   270 ;;      Locals:         0       0       0       0       0       0       0       0       0       0       0       0       
      +0       0       0       0       0
   271 ;;      Temps:          0       0       0       0       0       0       0       0       0       0       0       0       
      +0       0       0       0       0
   272 ;;      Totals:         0       0       0       0       0       0       0       0       0       0       0       0       
      +0       0       0       0       0
   273 ;;Total ram usage:        0 bytes
   274 ;; Hardware stack levels used: 1
   275 ;; Hardware stack levels required when called: 6
   276 ;; This function calls:
   277 ;;		_INTERRUPT_Initialize
   278 ;;		_OSCILLATOR_Initialize
   279 ;;		_PIN_MANAGER_Initialize
   280 ;;		_TMR0_Initialize
   281 ;; This function is called by:
   282 ;;		_main
   283 ;; This function uses a non-reentrant model
   284 ;;
   285                           
   286                           	psect	text2
   287   000130                     __ptext2:
   288                           	callstack 0
   289   000130                     _SYSTEM_Initialize:
   290                           	callstack 24
   291   000130                     
   292                           ;mcc_generated_files/mcc.c: 53:     INTERRUPT_Initialize();
   293   000130  ECB5  F000         	call	_INTERRUPT_Initialize	;wreg free
   294   000134                     
   295                           ;mcc_generated_files/mcc.c: 54:     PIN_MANAGER_Initialize();
   296   000134  EC3C  F000         	call	_PIN_MANAGER_Initialize	;wreg free
   297   000138                     
   298                           ;mcc_generated_files/mcc.c: 55:     OSCILLATOR_Initialize();
   299   000138  ECAE  F000         	call	_OSCILLATOR_Initialize	;wreg free
   300   00013C                     
   301                           ;mcc_generated_files/mcc.c: 56:     TMR0_Initialize();
   302   00013C  EC21  F000         	call	_TMR0_Initialize	;wreg free
   303   000140  0012               	return		;funcret
   304   000142                     __end_of_SYSTEM_Initialize:
   305                           	callstack 0
   306                           
   307 ;; *************** function _TMR0_Initialize *****************
   308 ;; Defined at:
   309 ;;		line 67 in file "mcc_generated_files/tmr0.c"
   310 ;; Parameters:    Size  Location     Type
   311 ;;		None
   312 ;; Auto vars:     Size  Location     Type
   313 ;;		None
   314 ;; Return value:  Size  Location     Type
   315 ;;                  1    wreg      void 
   316 ;; Registers used:
   317 ;;		wreg, status,2, status,0, cstack
   318 ;; Tracked objects:
   319 ;;		On entry : 0/0
   320 ;;		On exit  : 0/0
   321 ;;		Unchanged: 0/0
   322 ;; Data sizes:     COMRAM   BANK0   BANK1   BANK2   BANK3   BANK4   BANK5   BANK6   BANK7   BANK8   BANK9  BANK10  BANK1
      +1  BANK12  BANK13  BANK14  BANK15
   323 ;;      Params:         0       0       0       0       0       0       0       0       0       0       0       0       
      +0       0       0       0       0
   324 ;;      Locals:         0       0       0       0       0       0       0       0       0       0       0       0       
      +0       0       0       0       0
   325 ;;      Temps:          2       0       0       0       0       0       0       0       0       0       0       0       
      +0       0       0       0       0
   326 ;;      Totals:         2       0       0       0       0       0       0       0       0       0       0       0       
      +0       0       0       0       0
   327 ;;Total ram usage:        2 bytes
   328 ;; Hardware stack levels used: 1
   329 ;; Hardware stack levels required when called: 5
   330 ;; This function calls:
   331 ;;		_TMR0_SetInterruptHandler
   332 ;; This function is called by:
   333 ;;		_SYSTEM_Initialize
   334 ;; This function uses a non-reentrant model
   335 ;;
   336                           
   337                           	psect	text3
   338   000042                     __ptext3:
   339                           	callstack 0
   340   000042                     _TMR0_Initialize:
   341                           	callstack 24
   342   000042                     
   343                           ;mcc_generated_files/tmr0.c: 72:     T0CONbits.T08BIT = 0;
   344   000042  9CD5               	bcf	213,6,c	;volatile
   345   000044                     
   346                           ;mcc_generated_files/tmr0.c: 75:     TMR0H = 0xE1;
   347   000044  0EE1               	movlw	225
   348   000046  6ED7               	movwf	215,c	;volatile
   349                           
   350                           ;mcc_generated_files/tmr0.c: 78:     TMR0L = 0x7B;
   351   000048  0E7B               	movlw	123
   352   00004A  6ED6               	movwf	214,c	;volatile
   353   00004C                     
   354                           ;mcc_generated_files/tmr0.c: 82:     timer0ReloadVal = (uint16_t)((TMR0H << 8) | TMR0L);
   355   00004C  50D6               	movf	214,w,c	;volatile
   356   00004E  CFD7 F006          	movff	4055,??_TMR0_Initialize	;volatile
   357   000052  6A07               	clrf	(??_TMR0_Initialize+1)^0,c
   358   000054  C006  F007         	movff	??_TMR0_Initialize,??_TMR0_Initialize+1
   359   000058  6A06               	clrf	??_TMR0_Initialize^0,c
   360   00005A  1006               	iorwf	??_TMR0_Initialize^0,w,c
   361   00005C  6E0A               	movwf	_timer0ReloadVal^0,c	;volatile
   362   00005E  5007               	movf	(??_TMR0_Initialize+1)^0,w,c
   363   000060  6E0B               	movwf	(_timer0ReloadVal+1)^0,c	;volatile
   364   000062                     
   365                           ;mcc_generated_files/tmr0.c: 85:     INTCONbits.TMR0IF = 0;
   366   000062  94F2               	bcf	242,2,c	;volatile
   367   000064                     
   368                           ;mcc_generated_files/tmr0.c: 88:     INTCONbits.TMR0IE = 1;
   369   000064  8AF2               	bsf	242,5,c	;volatile
   370   000066                     
   371                           ;mcc_generated_files/tmr0.c: 91:     TMR0_SetInterruptHandler(TMR0_DefaultInterruptHandl
      +                          er);
   372   000066  0E6E               	movlw	low _TMR0_DefaultInterruptHandler
   373   000068  6E04               	movwf	TMR0_SetInterruptHandler@InterruptHandler^0,c
   374   00006A  0E01               	movlw	high _TMR0_DefaultInterruptHandler
   375   00006C  6E05               	movwf	(TMR0_SetInterruptHandler@InterruptHandler+1)^0,c
   376   00006E  ECA9  F000         	call	_TMR0_SetInterruptHandler	;wreg free
   377   000072                     
   378                           ;mcc_generated_files/tmr0.c: 94:     T0CON = 0x97;
   379   000072  0E97               	movlw	151
   380   000074  6ED5               	movwf	213,c	;volatile
   381   000076  0012               	return		;funcret
   382   000078                     __end_of_TMR0_Initialize:
   383                           	callstack 0
   384                           
   385 ;; *************** function _TMR0_SetInterruptHandler *****************
   386 ;; Defined at:
   387 ;;		line 164 in file "mcc_generated_files/tmr0.c"
   388 ;; Parameters:    Size  Location     Type
   389 ;;  InterruptHan    2    3[COMRAM] PTR FTN()void 
   390 ;;		 -> Led_toggile(1), TMR0_DefaultInterruptHandler(1), 
   391 ;; Auto vars:     Size  Location     Type
   392 ;;		None
   393 ;; Return value:  Size  Location     Type
   394 ;;                  1    wreg      void 
   395 ;; Registers used:
   396 ;;		wreg, status,2, status,0
   397 ;; Tracked objects:
   398 ;;		On entry : 0/0
   399 ;;		On exit  : 0/0
   400 ;;		Unchanged: 0/0
   401 ;; Data sizes:     COMRAM   BANK0   BANK1   BANK2   BANK3   BANK4   BANK5   BANK6   BANK7   BANK8   BANK9  BANK10  BANK1
      +1  BANK12  BANK13  BANK14  BANK15
   402 ;;      Params:         2       0       0       0       0       0       0       0       0       0       0       0       
      +0       0       0       0       0
   403 ;;      Locals:         0       0       0       0       0       0       0       0       0       0       0       0       
      +0       0       0       0       0
   404 ;;      Temps:          0       0       0       0       0       0       0       0       0       0       0       0       
      +0       0       0       0       0
   405 ;;      Totals:         2       0       0       0       0       0       0       0       0       0       0       0       
      +0       0       0       0       0
   406 ;;Total ram usage:        2 bytes
   407 ;; Hardware stack levels used: 1
   408 ;; Hardware stack levels required when called: 4
   409 ;; This function calls:
   410 ;;		Nothing
   411 ;; This function is called by:
   412 ;;		_TMR0_Initialize
   413 ;;		_main
   414 ;; This function uses a non-reentrant model
   415 ;;
   416                           
   417                           	psect	text4
   418   000152                     __ptext4:
   419                           	callstack 0
   420   000152                     _TMR0_SetInterruptHandler:
   421                           	callstack 26
   422   000152                     
   423                           ;mcc_generated_files/tmr0.c: 165:     TMR0_InterruptHandler = InterruptHandler;
   424   000152  C004  F008         	movff	TMR0_SetInterruptHandler@InterruptHandler,_TMR0_InterruptHandler
   425   000156  C005  F009         	movff	TMR0_SetInterruptHandler@InterruptHandler+1,_TMR0_InterruptHandler+1
   426   00015A  0012               	return		;funcret
   427   00015C                     __end_of_TMR0_SetInterruptHandler:
   428                           	callstack 0
   429                           
   430 ;; *************** function _PIN_MANAGER_Initialize *****************
   431 ;; Defined at:
   432 ;;		line 55 in file "mcc_generated_files/pin_manager.c"
   433 ;; Parameters:    Size  Location     Type
   434 ;;		None
   435 ;; Auto vars:     Size  Location     Type
   436 ;;		None
   437 ;; Return value:  Size  Location     Type
   438 ;;                  1    wreg      void 
   439 ;; Registers used:
   440 ;;		wreg, status,2
   441 ;; Tracked objects:
   442 ;;		On entry : 0/0
   443 ;;		On exit  : 0/0
   444 ;;		Unchanged: 0/0
   445 ;; Data sizes:     COMRAM   BANK0   BANK1   BANK2   BANK3   BANK4   BANK5   BANK6   BANK7   BANK8   BANK9  BANK10  BANK1
      +1  BANK12  BANK13  BANK14  BANK15
   446 ;;      Params:         0       0       0       0       0       0       0       0       0       0       0       0       
      +0       0       0       0       0
   447 ;;      Locals:         0       0       0       0       0       0       0       0       0       0       0       0       
      +0       0       0       0       0
   448 ;;      Temps:          0       0       0       0       0       0       0       0       0       0       0       0       
      +0       0       0       0       0
   449 ;;      Totals:         0       0       0       0       0       0       0       0       0       0       0       0       
      +0       0       0       0       0
   450 ;;Total ram usage:        0 bytes
   451 ;; Hardware stack levels used: 1
   452 ;; Hardware stack levels required when called: 4
   453 ;; This function calls:
   454 ;;		Nothing
   455 ;; This function is called by:
   456 ;;		_SYSTEM_Initialize
   457 ;; This function uses a non-reentrant model
   458 ;;
   459                           
   460                           	psect	text5
   461   000078                     __ptext5:
   462                           	callstack 0
   463   000078                     _PIN_MANAGER_Initialize:
   464                           	callstack 25
   465   000078                     
   466                           ;mcc_generated_files/pin_manager.c: 60:     LATE = 0x00;
   467   000078  0E00               	movlw	0
   468   00007A  6E8D               	movwf	141,c	;volatile
   469                           
   470                           ;mcc_generated_files/pin_manager.c: 61:     LATD = 0x00;
   471   00007C  0E00               	movlw	0
   472   00007E  6E8C               	movwf	140,c	;volatile
   473                           
   474                           ;mcc_generated_files/pin_manager.c: 62:     LATA = 0x00;
   475   000080  0E00               	movlw	0
   476   000082  6E89               	movwf	137,c	;volatile
   477                           
   478                           ;mcc_generated_files/pin_manager.c: 63:     LATB = 0x00;
   479   000084  0E00               	movlw	0
   480   000086  6E8A               	movwf	138,c	;volatile
   481                           
   482                           ;mcc_generated_files/pin_manager.c: 64:     LATC = 0x00;
   483   000088  0E00               	movlw	0
   484   00008A  6E8B               	movwf	139,c	;volatile
   485                           
   486                           ;mcc_generated_files/pin_manager.c: 69:     TRISE = 0x07;
   487   00008C  0E07               	movlw	7
   488   00008E  6E96               	movwf	150,c	;volatile
   489   000090                     
   490                           ;mcc_generated_files/pin_manager.c: 70:     TRISA = 0xFF;
   491   000090  6892               	setf	146,c	;volatile
   492   000092                     
   493                           ;mcc_generated_files/pin_manager.c: 71:     TRISB = 0xFF;
   494   000092  6893               	setf	147,c	;volatile
   495                           
   496                           ;mcc_generated_files/pin_manager.c: 72:     TRISC = 0xBF;
   497   000094  0EBF               	movlw	191
   498   000096  6E94               	movwf	148,c	;volatile
   499   000098                     
   500                           ;mcc_generated_files/pin_manager.c: 73:     TRISD = 0xFF;
   501   000098  6895               	setf	149,c	;volatile
   502   00009A                     
   503                           ;mcc_generated_files/pin_manager.c: 78:     ANSEL = 0xFF;
   504   00009A  687E               	setf	126,c	;volatile
   505                           
   506                           ;mcc_generated_files/pin_manager.c: 79:     ANSELH = 0x1F;
   507   00009C  0E1F               	movlw	31
   508   00009E  6E7F               	movwf	127,c	;volatile
   509                           
   510                           ;mcc_generated_files/pin_manager.c: 84:     WPUB = 0x00;
   511   0000A0  0E00               	movlw	0
   512   0000A2  6E7C               	movwf	124,c	;volatile
   513   0000A4                     
   514                           ;mcc_generated_files/pin_manager.c: 85:     INTCON2bits.nRBPU = 1;
   515   0000A4  8EF1               	bsf	241,7,c	;volatile
   516   0000A6  0012               	return		;funcret
   517   0000A8                     __end_of_PIN_MANAGER_Initialize:
   518                           	callstack 0
   519                           
   520 ;; *************** function _OSCILLATOR_Initialize *****************
   521 ;; Defined at:
   522 ;;		line 59 in file "mcc_generated_files/mcc.c"
   523 ;; Parameters:    Size  Location     Type
   524 ;;		None
   525 ;; Auto vars:     Size  Location     Type
   526 ;;		None
   527 ;; Return value:  Size  Location     Type
   528 ;;                  1    wreg      void 
   529 ;; Registers used:
   530 ;;		wreg, status,2
   531 ;; Tracked objects:
   532 ;;		On entry : 0/0
   533 ;;		On exit  : 0/0
   534 ;;		Unchanged: 0/0
   535 ;; Data sizes:     COMRAM   BANK0   BANK1   BANK2   BANK3   BANK4   BANK5   BANK6   BANK7   BANK8   BANK9  BANK10  BANK1
      +1  BANK12  BANK13  BANK14  BANK15
   536 ;;      Params:         0       0       0       0       0       0       0       0       0       0       0       0       
      +0       0       0       0       0
   537 ;;      Locals:         0       0       0       0       0       0       0       0       0       0       0       0       
      +0       0       0       0       0
   538 ;;      Temps:          0       0       0       0       0       0       0       0       0       0       0       0       
      +0       0       0       0       0
   539 ;;      Totals:         0       0       0       0       0       0       0       0       0       0       0       0       
      +0       0       0       0       0
   540 ;;Total ram usage:        0 bytes
   541 ;; Hardware stack levels used: 1
   542 ;; Hardware stack levels required when called: 4
   543 ;; This function calls:
   544 ;;		Nothing
   545 ;; This function is called by:
   546 ;;		_SYSTEM_Initialize
   547 ;; This function uses a non-reentrant model
   548 ;;
   549                           
   550                           	psect	text6
   551   00015C                     __ptext6:
   552                           	callstack 0
   553   00015C                     _OSCILLATOR_Initialize:
   554                           	callstack 25
   555   00015C                     
   556                           ;mcc_generated_files/mcc.c: 62:     OSCCON = 0x60;
   557   00015C  0E60               	movlw	96
   558   00015E  6ED3               	movwf	211,c	;volatile
   559                           
   560                           ;mcc_generated_files/mcc.c: 64:     OSCTUNE = 0x00;
   561   000160  0E00               	movlw	0
   562   000162  6E9B               	movwf	155,c	;volatile
   563   000164  0012               	return		;funcret
   564   000166                     __end_of_OSCILLATOR_Initialize:
   565                           	callstack 0
   566                           
   567 ;; *************** function _INTERRUPT_Initialize *****************
   568 ;; Defined at:
   569 ;;		line 52 in file "mcc_generated_files/interrupt_manager.c"
   570 ;; Parameters:    Size  Location     Type
   571 ;;		None
   572 ;; Auto vars:     Size  Location     Type
   573 ;;		None
   574 ;; Return value:  Size  Location     Type
   575 ;;                  1    wreg      void 
   576 ;; Registers used:
   577 ;;		None
   578 ;; Tracked objects:
   579 ;;		On entry : 0/0
   580 ;;		On exit  : 0/0
   581 ;;		Unchanged: 0/0
   582 ;; Data sizes:     COMRAM   BANK0   BANK1   BANK2   BANK3   BANK4   BANK5   BANK6   BANK7   BANK8   BANK9  BANK10  BANK1
      +1  BANK12  BANK13  BANK14  BANK15
   583 ;;      Params:         0       0       0       0       0       0       0       0       0       0       0       0       
      +0       0       0       0       0
   584 ;;      Locals:         0       0       0       0       0       0       0       0       0       0       0       0       
      +0       0       0       0       0
   585 ;;      Temps:          0       0       0       0       0       0       0       0       0       0       0       0       
      +0       0       0       0       0
   586 ;;      Totals:         0       0       0       0       0       0       0       0       0       0       0       0       
      +0       0       0       0       0
   587 ;;Total ram usage:        0 bytes
   588 ;; Hardware stack levels used: 1
   589 ;; Hardware stack levels required when called: 4
   590 ;; This function calls:
   591 ;;		Nothing
   592 ;; This function is called by:
   593 ;;		_SYSTEM_Initialize
   594 ;; This function uses a non-reentrant model
   595 ;;
   596                           
   597                           	psect	text7
   598   00016A                     __ptext7:
   599                           	callstack 0
   600   00016A                     _INTERRUPT_Initialize:
   601                           	callstack 25
   602   00016A                     
   603                           ;mcc_generated_files/interrupt_manager.c: 55:     RCONbits.IPEN = 0;
   604   00016A  9ED0               	bcf	208,7,c	;volatile
   605   00016C  0012               	return		;funcret
   606   00016E                     __end_of_INTERRUPT_Initialize:
   607                           	callstack 0
   608                           
   609 ;; *************** function _INTERRUPT_InterruptManager *****************
   610 ;; Defined at:
   611 ;;		line 58 in file "mcc_generated_files/interrupt_manager.c"
   612 ;; Parameters:    Size  Location     Type
   613 ;;		None
   614 ;; Auto vars:     Size  Location     Type
   615 ;;		None
   616 ;; Return value:  Size  Location     Type
   617 ;;                  1    wreg      void 
   618 ;; Registers used:
   619 ;;		wreg, status,2, status,0, pcl, pclath, pclatu, tosl, cstack
   620 ;; Tracked objects:
   621 ;;		On entry : 0/0
   622 ;;		On exit  : 0/0
   623 ;;		Unchanged: 0/0
   624 ;; Data sizes:     COMRAM   BANK0   BANK1   BANK2   BANK3   BANK4   BANK5   BANK6   BANK7   BANK8   BANK9  BANK10  BANK1
      +1  BANK12  BANK13  BANK14  BANK15
   625 ;;      Params:         0       0       0       0       0       0       0       0       0       0       0       0       
      +0       0       0       0       0
   626 ;;      Locals:         0       0       0       0       0       0       0       0       0       0       0       0       
      +0       0       0       0       0
   627 ;;      Temps:          2       0       0       0       0       0       0       0       0       0       0       0       
      +0       0       0       0       0
   628 ;;      Totals:         2       0       0       0       0       0       0       0       0       0       0       0       
      +0       0       0       0       0
   629 ;;Total ram usage:        2 bytes
   630 ;; Hardware stack levels used: 1
   631 ;; Hardware stack levels required when called: 3
   632 ;; This function calls:
   633 ;;		_TMR0_ISR
   634 ;; This function is called by:
   635 ;;		Interrupt level 2
   636 ;; This function uses a non-reentrant model
   637 ;;
   638                           
   639                           	psect	intcode
   640   000008                     __pintcode:
   641                           	callstack 0
   642   000008                     _INTERRUPT_InterruptManager:
   643                           	callstack 24
   644                           
   645                           ;incstack = 0
   646   000008  820C               	bsf	int$flags,1,c	;set compiler interrupt flag (level 2)
   647   00000A  CFFA F002          	movff	pclath,??_INTERRUPT_InterruptManager
   648   00000E  CFFB F003          	movff	pclatu,??_INTERRUPT_InterruptManager+1
   649   000012                     
   650                           ;mcc_generated_files/interrupt_manager.c: 61:     if(INTCONbits.TMR0IE == 1 && INTCONbit
      +                          s.TMR0IF == 1)
   651   000012  AAF2               	btfss	242,5,c	;volatile
   652   000014  EF0E  F000         	goto	i2u4_41
   653   000018  EF10  F000         	goto	i2u4_40
   654   00001C                     i2u4_41:
   655   00001C  EF19  F000         	goto	i2l67
   656   000020                     i2u4_40:
   657   000020  A4F2               	btfss	242,2,c	;volatile
   658   000022  EF15  F000         	goto	i2u5_41
   659   000026  EF17  F000         	goto	i2u5_40
   660   00002A                     i2u5_41:
   661   00002A  EF19  F000         	goto	i2l67
   662   00002E                     i2u5_40:
   663   00002E                     
   664                           ;mcc_generated_files/interrupt_manager.c: 62:     {;mcc_generated_files/interrupt_manage
      +                          r.c: 63:         TMR0_ISR();
   665   00002E  ECA1  F000         	call	_TMR0_ISR	;wreg free
   666   000032                     i2l67:
   667   000032  C003  FFFB         	movff	??_INTERRUPT_InterruptManager+1,pclatu
   668   000036  C002  FFFA         	movff	??_INTERRUPT_InterruptManager,pclath
   669   00003A  920C               	bcf	int$flags,1,c	;clear compiler interrupt flag (level 2)
   670   00003C  0011               	retfie		f
   671   00003E                     __end_of_INTERRUPT_InterruptManager:
   672                           	callstack 0
   673                           
   674 ;; *************** function _TMR0_ISR *****************
   675 ;; Defined at:
   676 ;;		line 136 in file "mcc_generated_files/tmr0.c"
   677 ;; Parameters:    Size  Location     Type
   678 ;;		None
   679 ;; Auto vars:     Size  Location     Type
   680 ;;		None
   681 ;; Return value:  Size  Location     Type
   682 ;;                  1    wreg      void 
   683 ;; Registers used:
   684 ;;		wreg, status,2, status,0, pcl, pclath, pclatu, tosl, cstack
   685 ;; Tracked objects:
   686 ;;		On entry : 0/0
   687 ;;		On exit  : 0/0
   688 ;;		Unchanged: 0/0
   689 ;; Data sizes:     COMRAM   BANK0   BANK1   BANK2   BANK3   BANK4   BANK5   BANK6   BANK7   BANK8   BANK9  BANK10  BANK1
      +1  BANK12  BANK13  BANK14  BANK15
   690 ;;      Params:         0       0       0       0       0       0       0       0       0       0       0       0       
      +0       0       0       0       0
   691 ;;      Locals:         0       0       0       0       0       0       0       0       0       0       0       0       
      +0       0       0       0       0
   692 ;;      Temps:          0       0       0       0       0       0       0       0       0       0       0       0       
      +0       0       0       0       0
   693 ;;      Totals:         0       0       0       0       0       0       0       0       0       0       0       0       
      +0       0       0       0       0
   694 ;;Total ram usage:        0 bytes
   695 ;; Hardware stack levels used: 1
   696 ;; Hardware stack levels required when called: 2
   697 ;; This function calls:
   698 ;;		_TMR0_CallBack
   699 ;; This function is called by:
   700 ;;		_INTERRUPT_InterruptManager
   701 ;; This function uses a non-reentrant model
   702 ;;
   703                           
   704                           	psect	text9
   705   000142                     __ptext9:
   706                           	callstack 0
   707   000142                     _TMR0_ISR:
   708                           	callstack 24
   709   000142                     
   710                           ;mcc_generated_files/tmr0.c: 140:     INTCONbits.TMR0IF = 0;
   711   000142  94F2               	bcf	242,2,c	;volatile
   712   000144                     
   713                           ;mcc_generated_files/tmr0.c: 144:     TMR0H = timer0ReloadVal >> 8;
   714   000144  500B               	movf	(_timer0ReloadVal+1)^0,w,c	;volatile
   715   000146  6ED7               	movwf	215,c	;volatile
   716   000148                     
   717                           ;mcc_generated_files/tmr0.c: 145:     TMR0L = (uint8_t) timer0ReloadVal;
   718   000148  C00A  FFD6         	movff	_timer0ReloadVal,4054	;volatile
   719   00014C                     
   720                           ;mcc_generated_files/tmr0.c: 149:     TMR0_CallBack();
   721   00014C  EC54  F000         	call	_TMR0_CallBack	;wreg free
   722   000150  0012               	return		;funcret
   723   000152                     __end_of_TMR0_ISR:
   724                           	callstack 0
   725                           
   726 ;; *************** function _TMR0_CallBack *****************
   727 ;; Defined at:
   728 ;;		line 154 in file "mcc_generated_files/tmr0.c"
   729 ;; Parameters:    Size  Location     Type
   730 ;;		None
   731 ;; Auto vars:     Size  Location     Type
   732 ;;		None
   733 ;; Return value:  Size  Location     Type
   734 ;;                  1    wreg      void 
   735 ;; Registers used:
   736 ;;		wreg, status,2, status,0, pcl, pclath, pclatu, tosl, cstack
   737 ;; Tracked objects:
   738 ;;		On entry : 0/0
   739 ;;		On exit  : 0/0
   740 ;;		Unchanged: 0/0
   741 ;; Data sizes:     COMRAM   BANK0   BANK1   BANK2   BANK3   BANK4   BANK5   BANK6   BANK7   BANK8   BANK9  BANK10  BANK1
      +1  BANK12  BANK13  BANK14  BANK15
   742 ;;      Params:         0       0       0       0       0       0       0       0       0       0       0       0       
      +0       0       0       0       0
   743 ;;      Locals:         0       0       0       0       0       0       0       0       0       0       0       0       
      +0       0       0       0       0
   744 ;;      Temps:          0       0       0       0       0       0       0       0       0       0       0       0       
      +0       0       0       0       0
   745 ;;      Totals:         0       0       0       0       0       0       0       0       0       0       0       0       
      +0       0       0       0       0
   746 ;;Total ram usage:        0 bytes
   747 ;; Hardware stack levels used: 1
   748 ;; Hardware stack levels required when called: 1
   749 ;; This function calls:
   750 ;;		NULL
   751 ;;		_Led_toggile
   752 ;;		_TMR0_DefaultInterruptHandler
   753 ;; This function is called by:
   754 ;;		_TMR0_ISR
   755 ;; This function uses a non-reentrant model
   756 ;;
   757                           
   758                           	psect	text10
   759   0000A8                     __ptext10:
   760                           	callstack 0
   761   0000A8                     _TMR0_CallBack:
   762                           	callstack 24
   763   0000A8                     
   764                           ;mcc_generated_files/tmr0.c: 158:     if(TMR0_InterruptHandler)
   765   0000A8  5008               	movf	_TMR0_InterruptHandler^0,w,c
   766   0000AA  1009               	iorwf	(_TMR0_InterruptHandler+1)^0,w,c
   767   0000AC  B4D8               	btfsc	status,2,c
   768   0000AE  EF5B  F000         	goto	i2u2_41
   769   0000B2  EF5D  F000         	goto	i2u2_40
   770   0000B6                     i2u2_41:
   771   0000B6  EF6A  F000         	goto	i2l45
   772   0000BA                     i2u2_40:
   773   0000BA                     
   774                           ;mcc_generated_files/tmr0.c: 159:     {;mcc_generated_files/tmr0.c: 160:         TMR0_In
      +                          terruptHandler();
   775   0000BA  D802               	call	i2u3_48
   776   0000BC  EF6A  F000         	goto	i2u3_49
   777   0000C0                     i2u3_48:
   778   0000C0  0005               	push	
   779   0000C2  6EFA               	movwf	pclath,c
   780   0000C4  5008               	movf	_TMR0_InterruptHandler^0,w,c
   781   0000C6  6EFD               	movwf	tosl,c
   782   0000C8  5009               	movf	(_TMR0_InterruptHandler+1)^0,w,c
   783   0000CA  6EFE               	movwf	tosh,c
   784   0000CC  50F8               	movf	tblptru,w,c
   785   0000CE  6EFF               	movwf	tosu,c
   786   0000D0  50FA               	movf	pclath,w,c
   787   0000D2  0012               	return		;indir
   788   0000D4                     i2u3_49:
   789   0000D4                     i2l45:
   790   0000D4  0012               	return		;funcret
   791   0000D6                     __end_of_TMR0_CallBack:
   792                           	callstack 0
   793                           
   794 ;; *************** function _Led_toggile *****************
   795 ;; Defined at:
   796 ;;		line 51 in file "main.c"
   797 ;; Parameters:    Size  Location     Type
   798 ;;		None
   799 ;; Auto vars:     Size  Location     Type
   800 ;;		None
   801 ;; Return value:  Size  Location     Type
   802 ;;                  1    wreg      void 
   803 ;; Registers used:
   804 ;;		wreg, status,2, status,0
   805 ;; Tracked objects:
   806 ;;		On entry : 0/0
   807 ;;		On exit  : 0/0
   808 ;;		Unchanged: 0/0
   809 ;; Data sizes:     COMRAM   BANK0   BANK1   BANK2   BANK3   BANK4   BANK5   BANK6   BANK7   BANK8   BANK9  BANK10  BANK1
      +1  BANK12  BANK13  BANK14  BANK15
   810 ;;      Params:         0       0       0       0       0       0       0       0       0       0       0       0       
      +0       0       0       0       0
   811 ;;      Locals:         0       0       0       0       0       0       0       0       0       0       0       0       
      +0       0       0       0       0
   812 ;;      Temps:          1       0       0       0       0       0       0       0       0       0       0       0       
      +0       0       0       0       0
   813 ;;      Totals:         1       0       0       0       0       0       0       0       0       0       0       0       
      +0       0       0       0       0
   814 ;;Total ram usage:        1 bytes
   815 ;; Hardware stack levels used: 1
   816 ;; This function calls:
   817 ;;		Nothing
   818 ;; This function is called by:
   819 ;;		_main
   820 ;;		_TMR0_CallBack
   821 ;; This function uses a non-reentrant model
   822 ;;
   823                           
   824                           	psect	text11
   825   0000D6                     __ptext11:
   826                           	callstack 0
   827   0000D6                     _Led_toggile:
   828                           	callstack 24
   829   0000D6  BC8B               	btfsc	139,6,c	;volatile
   830   0000D8  EF70  F000         	goto	i2u1_41
   831   0000DC  EF73  F000         	goto	i2u1_40
   832   0000E0                     i2u1_41:
   833   0000E0  0E01               	movlw	1
   834   0000E2  EF74  F000         	goto	i2u1_46
   835   0000E6                     i2u1_40:
   836   0000E6  0E00               	movlw	0
   837   0000E8                     i2u1_46:
   838   0000E8  0AFF               	xorlw	255
   839   0000EA  6E01               	movwf	??_Led_toggile^0,c
   840   0000EC  3A01               	swapf	??_Led_toggile^0,f,c
   841   0000EE  4601               	rlncf	??_Led_toggile^0,f,c
   842   0000F0  4601               	rlncf	??_Led_toggile^0,f,c
   843   0000F2  508B               	movf	139,w,c	;volatile
   844   0000F4  1801               	xorwf	??_Led_toggile^0,w,c
   845   0000F6  0BBF               	andlw	-65
   846   0000F8  1801               	xorwf	??_Led_toggile^0,w,c
   847   0000FA  6E8B               	movwf	139,c	;volatile
   848   0000FC  0012               	return		;funcret
   849   0000FE                     __end_of_Led_toggile:
   850                           	callstack 0
   851                           
   852 ;; *************** function _TMR0_DefaultInterruptHandler *****************
   853 ;; Defined at:
   854 ;;		line 168 in file "mcc_generated_files/tmr0.c"
   855 ;; Parameters:    Size  Location     Type
   856 ;;		None
   857 ;; Auto vars:     Size  Location     Type
   858 ;;		None
   859 ;; Return value:  Size  Location     Type
   860 ;;                  1    wreg      void 
   861 ;; Registers used:
   862 ;;		None
   863 ;; Tracked objects:
   864 ;;		On entry : 0/0
   865 ;;		On exit  : 0/0
   866 ;;		Unchanged: 0/0
   867 ;; Data sizes:     COMRAM   BANK0   BANK1   BANK2   BANK3   BANK4   BANK5   BANK6   BANK7   BANK8   BANK9  BANK10  BANK1
      +1  BANK12  BANK13  BANK14  BANK15
   868 ;;      Params:         0       0       0       0       0       0       0       0       0       0       0       0       
      +0       0       0       0       0
   869 ;;      Locals:         0       0       0       0       0       0       0       0       0       0       0       0       
      +0       0       0       0       0
   870 ;;      Temps:          0       0       0       0       0       0       0       0       0       0       0       0       
      +0       0       0       0       0
   871 ;;      Totals:         0       0       0       0       0       0       0       0       0       0       0       0       
      +0       0       0       0       0
   872 ;;Total ram usage:        0 bytes
   873 ;; Hardware stack levels used: 1
   874 ;; This function calls:
   875 ;;		Nothing
   876 ;; This function is called by:
   877 ;;		_TMR0_Initialize
   878 ;;		_TMR0_CallBack
   879 ;; This function uses a non-reentrant model
   880 ;;
   881                           
   882                           	psect	text12
   883   00016E                     __ptext12:
   884                           	callstack 0
   885   00016E                     _TMR0_DefaultInterruptHandler:
   886                           	callstack 24
   887   00016E  0012               	return		;funcret
   888   000170                     __end_of_TMR0_DefaultInterruptHandler:
   889                           	callstack 0
   890   000000                     
   891                           	psect	text13
   892   000000                     __ptext13:
   893                           	callstack 0
   894   000000                     
   895                           	psect	rparam
   896   000000                     
   897                           	psect	temp
   898   00000C                     btemp:
   899                           	callstack 0
   900   00000C                     	ds	1
   901   000000                     int$flags	set	btemp
   902   000000                     wtemp8	set	btemp+1
   903   000000                     ttemp5	set	btemp+1
   904   000000                     ttemp6	set	btemp+4
   905   000000                     ttemp7	set	btemp+8
   906                           
   907                           	psect	idloc
   908                           
   909                           ;Config register IDLOC0 @ 0x200000
   910                           ;	unspecified, using default values
   911   200000                     	org	2097152
   912   200000  FF                 	db	255
   913                           
   914                           ;Config register IDLOC1 @ 0x200001
   915                           ;	unspecified, using default values
   916   200001                     	org	2097153
   917   200001  FF                 	db	255
   918                           
   919                           ;Config register IDLOC2 @ 0x200002
   920                           ;	unspecified, using default values
   921   200002                     	org	2097154
   922   200002  FF                 	db	255
   923                           
   924                           ;Config register IDLOC3 @ 0x200003
   925                           ;	unspecified, using default values
   926   200003                     	org	2097155
   927   200003  FF                 	db	255
   928                           
   929                           ;Config register IDLOC4 @ 0x200004
   930                           ;	unspecified, using default values
   931   200004                     	org	2097156
   932   200004  FF                 	db	255
   933                           
   934                           ;Config register IDLOC5 @ 0x200005
   935                           ;	unspecified, using default values
   936   200005                     	org	2097157
   937   200005  FF                 	db	255
   938                           
   939                           ;Config register IDLOC6 @ 0x200006
   940                           ;	unspecified, using default values
   941   200006                     	org	2097158
   942   200006  FF                 	db	255
   943                           
   944                           ;Config register IDLOC7 @ 0x200007
   945                           ;	unspecified, using default values
   946   200007                     	org	2097159
   947   200007  FF                 	db	255
   948                           
   949                           	psect	config
   950                           
   951                           ; Padding undefined space
   952   300000                     	org	3145728
   953   300000  FF                 	db	255
   954                           
   955                           ;Config register CONFIG1H @ 0x300001
   956                           ;	Oscillator Selection bits
   957                           ;	FOSC = INTIO67, Internal oscillator block, port function on RA6 and RA7
   958                           ;	Fail-Safe Clock Monitor Enable bit
   959                           ;	FCMEN = OFF, Fail-Safe Clock Monitor disabled
   960                           ;	Internal/External Oscillator Switchover bit
   961                           ;	IESO = OFF, Oscillator Switchover mode disabled
   962   300001                     	org	3145729
   963   300001  08                 	db	8
   964                           
   965                           ;Config register CONFIG2L @ 0x300002
   966                           ;	Power-up Timer Enable bit
   967                           ;	PWRTEN = OFF, PWRT disabled
   968                           ;	Brown-out Reset Enable bits
   969                           ;	BOREN = SBORDIS, Brown-out Reset enabled in hardware only (SBOREN is disabled)
   970                           ;	Brown Out Reset Voltage bits
   971                           ;	BORV = 18, VBOR set to 1.8 V nominal
   972   300002                     	org	3145730
   973   300002  1F                 	db	31
   974                           
   975                           ;Config register CONFIG2H @ 0x300003
   976                           ;	Watchdog Timer Enable bit
   977                           ;	WDTEN = OFF, WDT is controlled by SWDTEN bit of the WDTCON register
   978                           ;	Watchdog Timer Postscale Select bits
   979                           ;	WDTPS = 32768, 1:32768
   980   300003                     	org	3145731
   981   300003  1E                 	db	30
   982                           
   983                           ; Padding undefined space
   984   300004                     	org	3145732
   985   300004  FF                 	db	255
   986                           
   987                           ;Config register CONFIG3H @ 0x300005
   988                           ;	CCP2 MUX bit
   989                           ;	CCP2MX = PORTC, CCP2 input/output is multiplexed with RC1
   990                           ;	PORTB A/D Enable bit
   991                           ;	PBADEN = ON, PORTB<4:0> pins are configured as analog input channels on Reset
   992                           ;	Low-Power Timer1 Oscillator Enable bit
   993                           ;	LPT1OSC = OFF, Timer1 configured for higher power operation
   994                           ;	HFINTOSC Fast Start-up
   995                           ;	HFOFST = ON, HFINTOSC starts clocking the CPU without waiting for the oscillator to st
      +                          ablize.
   996                           ;	MCLR Pin Enable bit
   997                           ;	MCLRE = ON, MCLR pin enabled; RE3 input pin disabled
   998   300005                     	org	3145733
   999   300005  8B                 	db	139
  1000                           
  1001                           ;Config register CONFIG4L @ 0x300006
  1002                           ;	Stack Full/Underflow Reset Enable bit
  1003                           ;	STVREN = ON, Stack full/underflow will cause Reset
  1004                           ;	Single-Supply ICSP Enable bit
  1005                           ;	LVP = ON, Single-Supply ICSP enabled
  1006                           ;	Extended Instruction Set Enable bit
  1007                           ;	XINST = OFF, Instruction set extension and Indexed Addressing mode disabled (Legacy mo
      +                          de)
  1008                           ;	Background Debugger Enable bit
  1009                           ;	DEBUG = OFF, Background debugger disabled, RB6 and RB7 configured as general purpose I
      +                          /O pins
  1010   300006                     	org	3145734
  1011   300006  85                 	db	133
  1012                           
  1013                           ; Padding undefined space
  1014   300007                     	org	3145735
  1015   300007  FF                 	db	255
  1016                           
  1017                           ;Config register CONFIG5L @ 0x300008
  1018                           ;	Code Protection Block 0
  1019                           ;	CP0 = OFF, Block 0 (000800-003FFFh) not code-protected
  1020                           ;	Code Protection Block 1
  1021                           ;	CP1 = OFF, Block 1 (004000-007FFFh) not code-protected
  1022                           ;	Code Protection Block 2
  1023                           ;	CP2 = OFF, Block 2 (008000-00BFFFh) not code-protected
  1024                           ;	Code Protection Block 3
  1025                           ;	CP3 = OFF, Block 3 (00C000-00FFFFh) not code-protected
  1026   300008                     	org	3145736
  1027   300008  0F                 	db	15
  1028                           
  1029                           ;Config register CONFIG5H @ 0x300009
  1030                           ;	Boot Block Code Protection bit
  1031                           ;	CPB = OFF, Boot block (000000-0007FFh) not code-protected
  1032                           ;	Data EEPROM Code Protection bit
  1033                           ;	CPD = OFF, Data EEPROM not code-protected
  1034   300009                     	org	3145737
  1035   300009  C0                 	db	192
  1036                           
  1037                           ;Config register CONFIG6L @ 0x30000A
  1038                           ;	Write Protection Block 0
  1039                           ;	WRT0 = OFF, Block 0 (000800-003FFFh) not write-protected
  1040                           ;	Write Protection Block 1
  1041                           ;	WRT1 = OFF, Block 1 (004000-007FFFh) not write-protected
  1042                           ;	Write Protection Block 2
  1043                           ;	WRT2 = OFF, Block 2 (008000-00BFFFh) not write-protected
  1044                           ;	Write Protection Block 3
  1045                           ;	WRT3 = OFF, Block 3 (00C000h-00FFFFh) not write-protected
  1046   30000A                     	org	3145738
  1047   30000A  0F                 	db	15
  1048                           
  1049                           ;Config register CONFIG6H @ 0x30000B
  1050                           ;	Configuration Register Write Protection bit
  1051                           ;	WRTC = OFF, Configuration registers (300000-3000FFh) not write-protected
  1052                           ;	Boot Block Write Protection bit
  1053                           ;	WRTB = OFF, Boot Block (000000-0007FFh) not write-protected
  1054                           ;	Data EEPROM Write Protection bit
  1055                           ;	WRTD = OFF, Data EEPROM not write-protected
  1056   30000B                     	org	3145739
  1057   30000B  E0                 	db	224
  1058                           
  1059                           ;Config register CONFIG7L @ 0x30000C
  1060                           ;	Table Read Protection Block 0
  1061                           ;	EBTR0 = OFF, Block 0 (000800-003FFFh) not protected from table reads executed in other
      +                           blocks
  1062                           ;	Table Read Protection Block 1
  1063                           ;	EBTR1 = OFF, Block 1 (004000-007FFFh) not protected from table reads executed in other
      +                           blocks
  1064                           ;	Table Read Protection Block 2
  1065                           ;	EBTR2 = OFF, Block 2 (008000-00BFFFh) not protected from table reads executed in other
      +                           blocks
  1066                           ;	Table Read Protection Block 3
  1067                           ;	EBTR3 = OFF, Block 3 (00C000-00FFFFh) not protected from table reads executed in other
      +                           blocks
  1068   30000C                     	org	3145740
  1069   30000C  0F                 	db	15
  1070                           
  1071                           ;Config register CONFIG7H @ 0x30000D
  1072                           ;	Boot Block Table Read Protection bit
  1073                           ;	EBTRB = OFF, Boot Block (000000-0007FFh) not protected from table reads executed in ot
      +                          her blocks
  1074   30000D                     	org	3145741
  1075   30000D  40                 	db	64
  1076                           tosu	equ	0xFFF
  1077                           tosh	equ	0xFFE
  1078                           tosl	equ	0xFFD
  1079                           stkptr	equ	0xFFC
  1080                           pclatu	equ	0xFFB
  1081                           pclath	equ	0xFFA
  1082                           pcl	equ	0xFF9
  1083                           tblptru	equ	0xFF8
  1084                           tblptrh	equ	0xFF7
  1085                           tblptrl	equ	0xFF6
  1086                           tablat	equ	0xFF5
  1087                           prodh	equ	0xFF4
  1088                           prodl	equ	0xFF3
  1089                           indf0	equ	0xFEF
  1090                           postinc0	equ	0xFEE
  1091                           postdec0	equ	0xFED
  1092                           preinc0	equ	0xFEC
  1093                           plusw0	equ	0xFEB
  1094                           fsr0h	equ	0xFEA
  1095                           fsr0l	equ	0xFE9
  1096                           wreg	equ	0xFE8
  1097                           indf1	equ	0xFE7
  1098                           postinc1	equ	0xFE6
  1099                           postdec1	equ	0xFE5
  1100                           preinc1	equ	0xFE4
  1101                           plusw1	equ	0xFE3
  1102                           fsr1h	equ	0xFE2
  1103                           fsr1l	equ	0xFE1
  1104                           bsr	equ	0xFE0
  1105                           indf2	equ	0xFDF
  1106                           postinc2	equ	0xFDE
  1107                           postdec2	equ	0xFDD
  1108                           preinc2	equ	0xFDC
  1109                           plusw2	equ	0xFDB
  1110                           fsr2h	equ	0xFDA
  1111                           fsr2l	equ	0xFD9
  1112                           status	equ	0xFD8

Data Sizes:
    Strings     0
    Constant    0
    Data        0
    BSS         2
    Persistent  2
    Stack       0

Auto Spaces:
    Space          Size  Autos    Used
    COMRAM           94      7      11
    BANK0           160      0       0
    BANK1           256      0       0
    BANK2           256      0       0
    BANK3           256      0       0
    BANK4           256      0       0
    BANK5           256      0       0
    BANK6           256      0       0
    BANK7           256      0       0
    BANK8           256      0       0
    BANK9           256      0       0
    BANK10          256      0       0
    BANK11          256      0       0
    BANK12          256      0       0
    BANK13          256      0       0
    BANK14          256      0       0
    BANK15           96      0       0

Pointer List with Targets:

    TMR0_SetInterruptHandler@InterruptHandler	PTR FTN()void  size(2) Largest target is 1
		 -> Led_toggile(), TMR0_DefaultInterruptHandler(), 

    TMR0_InterruptHandler	PTR FTN()void  size(2) Largest target is 1
		 -> Led_toggile(), NULL(), TMR0_DefaultInterruptHandler(), 


Critical Paths under _main in COMRAM

    _SYSTEM_Initialize->_TMR0_Initialize
    _TMR0_Initialize->_TMR0_SetInterruptHandler

Critical Paths under _INTERRUPT_InterruptManager in COMRAM

    _TMR0_CallBack->_Led_toggile

Critical Paths under _main in BANK0

    None.

Critical Paths under _INTERRUPT_InterruptManager in BANK0

    None.

Critical Paths under _main in BANK1

    None.

Critical Paths under _INTERRUPT_InterruptManager in BANK1

    None.

Critical Paths under _main in BANK2

    None.

Critical Paths under _INTERRUPT_InterruptManager in BANK2

    None.

Critical Paths under _main in BANK3

    None.

Critical Paths under _INTERRUPT_InterruptManager in BANK3

    None.

Critical Paths under _main in BANK4

    None.

Critical Paths under _INTERRUPT_InterruptManager in BANK4

    None.

Critical Paths under _main in BANK5

    None.

Critical Paths under _INTERRUPT_InterruptManager in BANK5

    None.

Critical Paths under _main in BANK6

    None.

Critical Paths under _INTERRUPT_InterruptManager in BANK6

    None.

Critical Paths under _main in BANK7

    None.

Critical Paths under _INTERRUPT_InterruptManager in BANK7

    None.

Critical Paths under _main in BANK8

    None.

Critical Paths under _INTERRUPT_InterruptManager in BANK8

    None.

Critical Paths under _main in BANK9

    None.

Critical Paths under _INTERRUPT_InterruptManager in BANK9

    None.

Critical Paths under _main in BANK10

    None.

Critical Paths under _INTERRUPT_InterruptManager in BANK10

    None.

Critical Paths under _main in BANK11

    None.

Critical Paths under _INTERRUPT_InterruptManager in BANK11

    None.

Critical Paths under _main in BANK12

    None.

Critical Paths under _INTERRUPT_InterruptManager in BANK12

    None.

Critical Paths under _main in BANK13

    None.

Critical Paths under _INTERRUPT_InterruptManager in BANK13

    None.

Critical Paths under _main in BANK14

    None.

Critical Paths under _INTERRUPT_InterruptManager in BANK14

    None.

Critical Paths under _main in BANK15

    None.

Critical Paths under _INTERRUPT_InterruptManager in BANK15

    None.

Call Graph Tables:

 ---------------------------------------------------------------------------------
 (Depth) Function   	        Calls       Base Space   Used Autos Params    Refs
 ---------------------------------------------------------------------------------
 (0) _main                                                 0     0      0     348
                  _SYSTEM_Initialize
           _TMR0_SetInterruptHandler
                    _TMR0_StartTimer
 ---------------------------------------------------------------------------------
 (1) _TMR0_StartTimer                                      0     0      0       0
 ---------------------------------------------------------------------------------
 (1) _SYSTEM_Initialize                                    0     0      0     174
               _INTERRUPT_Initialize
              _OSCILLATOR_Initialize
             _PIN_MANAGER_Initialize
                    _TMR0_Initialize
 ---------------------------------------------------------------------------------
 (2) _TMR0_Initialize                                      2     2      0     174
                                              5 COMRAM     2     2      0
           _TMR0_SetInterruptHandler
 ---------------------------------------------------------------------------------
 (1) _TMR0_SetInterruptHandler                             2     0      2     174
                                              3 COMRAM     2     0      2
 ---------------------------------------------------------------------------------
 (2) _PIN_MANAGER_Initialize                               0     0      0       0
 ---------------------------------------------------------------------------------
 (2) _OSCILLATOR_Initialize                                0     0      0       0
 ---------------------------------------------------------------------------------
 (2) _INTERRUPT_Initialize                                 0     0      0       0
 ---------------------------------------------------------------------------------
 Estimated maximum stack depth 2
 ---------------------------------------------------------------------------------
 (Depth) Function   	        Calls       Base Space   Used Autos Params    Refs
 ---------------------------------------------------------------------------------
 (4) _INTERRUPT_InterruptManager                           2     2      0       0
                                              1 COMRAM     2     2      0
                           _TMR0_ISR
 ---------------------------------------------------------------------------------
 (5) _TMR0_ISR                                             0     0      0       0
                      _TMR0_CallBack
 ---------------------------------------------------------------------------------
 (6) _TMR0_CallBack                                        0     0      0       0
                                NULL *
                        _Led_toggile *
       _TMR0_DefaultInterruptHandler *
 ---------------------------------------------------------------------------------
 (7) _TMR0_DefaultInterruptHandler                         0     0      0       0
 ---------------------------------------------------------------------------------
 (7) _Led_toggile                                          1     1      0       0
                                              0 COMRAM     1     1      0
 ---------------------------------------------------------------------------------
 (7) NULL(Fake)                                            0     0      0       0
 ---------------------------------------------------------------------------------
 Estimated maximum stack depth 7
 ---------------------------------------------------------------------------------

 Call Graph Graphs:

 _main (ROOT)
   _SYSTEM_Initialize
     _INTERRUPT_Initialize
     _OSCILLATOR_Initialize
     _PIN_MANAGER_Initialize
     _TMR0_Initialize
       _TMR0_SetInterruptHandler
   _TMR0_SetInterruptHandler
   _TMR0_StartTimer

 _INTERRUPT_InterruptManager (ROOT)
   _TMR0_ISR
     _TMR0_CallBack
       NULL(Fake) *
       _Led_toggile *
       _TMR0_DefaultInterruptHandler *

 Address spaces:
Name               Size   Autos  Total    Cost      Usage
BIGRAM             F5F      0       0      47        0.0%
EEDATA             400      0       0       0        0.0%
BITBANK14          100      0       0      33        0.0%
BANK14             100      0       0      34        0.0%
BITBANK13          100      0       0      32        0.0%
BANK13             100      0       0      30        0.0%
BITBANK12          100      0       0      28        0.0%
BANK12             100      0       0      29        0.0%
BITBANK11          100      0       0      26        0.0%
BANK11             100      0       0      27        0.0%
BITBANK10          100      0       0      24        0.0%
BANK10             100      0       0      25        0.0%
BITBANK9           100      0       0      22        0.0%
BANK9              100      0       0      23        0.0%
BITBANK8           100      0       0      20        0.0%
BANK8              100      0       0      21        0.0%
BITBANK7           100      0       0      18        0.0%
BANK7              100      0       0      19        0.0%
BITBANK6           100      0       0      16        0.0%
BANK6              100      0       0      17        0.0%
BITBANK5           100      0       0      14        0.0%
BANK5              100      0       0      15        0.0%
BITBANK4           100      0       0      12        0.0%
BANK4              100      0       0      13        0.0%
BITBANK3           100      0       0      10        0.0%
BANK3              100      0       0      11        0.0%
BITBANK2           100      0       0       8        0.0%
BANK2              100      0       0       9        0.0%
BITBANK1           100      0       0       6        0.0%
BANK1              100      0       0       7        0.0%
BITBANK0            A0      0       0       4        0.0%
BANK0               A0      0       0       5        0.0%
BITBANK15           60      0       0      35        0.0%
BANK15              60      0       0      36        0.0%
BITCOMRAM           5E      0       0       0        0.0%
COMRAM              5E      7       B       1       11.7%
BITBIGSFRllh        34      0       0      41        0.0%
BITBIGSFRllllll     1C      0       0      46        0.0%
BITBIGSFRhhl        19      0       0      38        0.0%
BITBIGSFRhhh         D      0       0      37        0.0%
BITBIGSFRlllllh      9      0       0      44        0.0%
BITBIGSFRlllhhh      4      0       0      42        0.0%
BITBIGSFRlllhhl      4      0       0      43        0.0%
BITBIGSFRlhl         2      0       0      40        0.0%
BITBIGSFRllllll      1      0       0      45        0.0%
BITBIGSFRlhh         1      0       0      39        0.0%
BIGSFR               0      0       0     200        0.0%
BITSFR               0      0       0     200        0.0%
SFR                  0      0       0     200        0.0%
STACK                0      0       0       2        0.0%
NULL                 0      0       0       0        0.0%
ABS                  0      0       B      31        0.0%
DATA                 0      0       B       3        0.0%
CODE                 0      0       0       0        0.0%


Microchip Technology PIC18 Macro Assembler V2.41 build 20230208172133 
Symbol Table                                                                                   Sun Aug 27 02:37:06 2023

                                      l23 0076                                        l26 0168  
                                      l60 016C                                        l48 015A  
                                      l82 0140                                        l85 0164  
                           ??_Led_toggile 0001                           _timer0ReloadVal 000A  
                                     l105 0116                                       l106 0116  
                                     l141 00A6                                       l910 0042  
                                     l920 0066                                       l912 0044  
                                     l842 016A                                       l850 0098  
                                     l922 0072                                       l914 004C  
                                     l930 013C                                       l852 009A  
                                     l844 0078                                       l908 0152  
                                     l916 0062                                       l924 0130  
                                     l932 00FE                                       l854 00A4  
                                     l846 0090                                       l918 0064  
                                     l926 0134                                       l934 010E  
                                     l856 015C                                       l848 0092  
                                     l928 0138                                       l936 0112  
                                     l858 0166                                       l938 0114  
                                     tosl 0FFD                                      _LATA 0F89  
                                    _LATB 0F8A                                      _LATC 0F8B  
                                    _LATD 0F8C                                      _LATE 0F8D  
                                    i2l41 0150                                      i2l51 016E  
                                    i2l45 00D4                                      i2l67 0032  
                                    i2l98 00D6                                      _WPUB 0F7C  
                                    _main 00FE                           _TMR0_StartTimer 0166  
                                    btemp 000C                                      start 003E  
                            ___param_bank 0000                   __end_of_TMR0_Initialize 0078  
          ??_TMR0_DefaultInterruptHandler 0001             __end_of_OSCILLATOR_Initialize 0166  
                                   ?_main 0001                                     _ANSEL 0F7E  
                                   _T0CON 0FD5                                     i2l100 00FC  
                                   i2l822 00D6                                     i2l840 00BA  
                                   i2l860 0142                                     i2l838 00A8  
                                   i2l862 0144                                     i2l864 0148  
                                   i2l866 014C                                     i2l892 0012  
                                   i2l894 0020                                     i2l896 002E  
                                   _TMR0H 0FD7                                     _TMR0L 0FD6  
                                   _TRISA 0F92                                     _TRISB 0F93  
                                   _TRISC 0F94                                     _TRISD 0F95  
                                   _TRISE 0F96                 ?_TMR0_SetInterruptHandler 0004  
                     __end_of_Led_toggile 00FE                          __end_of_TMR0_ISR 0152  
                                   pclath 0FFA                                     pclatu 0FFB  
                                   ttemp5 000D                                     ttemp6 0010  
                                   ttemp7 0014                                     status 0FD8  
                                   wtemp8 000D                           __initialization 011E  
                            __end_of_main 011E               ?_INTERRUPT_InterruptManager 0001  
                                  ??_main 0008                             __activetblptr 0002  
                 __end_of_TMR0_StartTimer 016A                                    _ANSELH 0F7F  
                                  _OSCCON 0FD3                                    i2u1_40 00E6  
                                  i2u1_41 00E0                                    i2u1_46 00E8  
                                  i2u2_40 00BA                                    i2u2_41 00B6  
                                  i2u3_48 00C0                                    i2u4_40 0020  
                                  i2u3_49 00D4                                    i2u4_41 001C  
                                  i2u5_40 002E                                    i2u5_41 002A  
                        ?_TMR0_Initialize 0001                                    isa$std 0001  
                             _Led_toggile 00D6                                    tblptru 0FF8  
                   __end_of_TMR0_CallBack 00D6  TMR0_SetInterruptHandler@InterruptHandler 0004  
                       _SYSTEM_Initialize 0130                                __accesstop 0060  
                 __end_of__initialization 0122                        ?_SYSTEM_Initialize 0001  
                           ___rparam_used 0001                            __pcstackCOMRAM 0001  
                     ??_SYSTEM_Initialize 0008                                 ?_TMR0_ISR 0001  
                        ?_TMR0_StartTimer 0001                 __end_of_SYSTEM_Initialize 0142  
                              __pnvCOMRAM 0008          __end_of_TMR0_SetInterruptHandler 015C  
                              ??_TMR0_ISR 0002                                   _OSCTUNE 0F9B  
                                 __Hparam 0000                                   __Lparam 0000  
                                 __pcinit 011E                                   __ramtop 1000  
                                 __ptext0 00FE                                   __ptext1 0166  
                                 __ptext2 0130                                   __ptext3 0042  
                                 __ptext4 0152                                   __ptext5 0078  
                                 __ptext6 015C                                   __ptext7 016A  
                                 __ptext9 0142                                 _T0CONbits 0FD5  
                   _OSCILLATOR_Initialize 015C                  ??_PIN_MANAGER_Initialize 0004  
                          fp__Led_toggile 0000                      end_of_initialization 0122  
                           __Lmediumconst 0000                              ?_Led_toggile 0001  
                _TMR0_SetInterruptHandler 0152              __end_of_INTERRUPT_Initialize 016E  
                  ?_OSCILLATOR_Initialize 0001                       start_initialization 011E  
                             __pbssCOMRAM 000A                     _TMR0_InterruptHandler 0008  
                  _PIN_MANAGER_Initialize 0078                                 __pintcode 0008  
            ??_INTERRUPT_InterruptManager 0002                             _TMR0_CallBack 00A8  
                    _INTERRUPT_Initialize 016A                         ??_TMR0_Initialize 0006  
                                _LATCbits 0F8B                ??_TMR0_SetInterruptHandler 0006  
                                _RCONbits 0FD0                                  _TMR0_ISR 0142  
                          ?_TMR0_CallBack 0001                               _INTCON2bits 0FF1  
                   ?_INTERRUPT_Initialize 0001                                  __Hrparam 0000  
                                __Lrparam 0000                   ??_OSCILLATOR_Initialize 0004  
                       ??_TMR0_StartTimer 0004                                  __ptext10 00A8  
                                __ptext11 00D6                                  __ptext12 016E  
                                __ptext13 0000      __end_of_TMR0_DefaultInterruptHandler 0170  
            _TMR0_DefaultInterruptHandler 016E                                  isa$xinst 0000  
                                int$flags 000C        __end_of_INTERRUPT_InterruptManager 003E  
              _INTERRUPT_InterruptManager 0008                                _INTCONbits 0FF2  
                         ??_TMR0_CallBack 0002                    ??_INTERRUPT_Initialize 0004  
                                intlevel2 0000                   ?_PIN_MANAGER_Initialize 0001  
         fp__TMR0_DefaultInterruptHandler 0000             ?_TMR0_DefaultInterruptHandler 0001  
                         _TMR0_Initialize 0042            __end_of_PIN_MANAGER_Initialize 00A8  
